<?xml version="1.0" encoding="UTF-8"?>
<!-- Generated by org.testng.reporters.JUnitXMLReporter -->
<testsuite ignored="0" hostname="LAPTOP-UB49DO0V" failures="0" tests="5" name="Chrome" time="0.064" errors="0" timestamp="2022-02-02T08:40:10 NZDT">
  <testcase classname="Xero.Xero_User.Add_Bank_Account" name="@BeforeClass beforeClass" time="-1.643744409973E9">
    <failure type="org.testng.TestNGException" message="
Can inject only one of &amp;lt;ITestContext, XmlTest&amp;gt; into a @BeforeClass annotated beforeClass.
For more information on native dependency injection please refer to https://testng.org/doc/documentation-main.html#native-dependency-injection">
      <![CDATA[org.testng.TestNGException: 
Can inject only one of <ITestContext, XmlTest> into a @BeforeClass annotated beforeClass.
For more information on native dependency injection please refer to https://testng.org/doc/documentation-main.html#native-dependency-injection
at java.base/java.util.ArrayList.forEach(ArrayList.java:1511)
... Removed 22 stack frames]]>
    </failure>
  </testcase> <!-- @BeforeClass beforeClass -->
  <testcase classname="Xero.Xero_User.Add_Bank_Account" name="@AfterMethod afterClass" time="-1.643744409999E9">
    <skipped/>
  </testcase> <!-- @AfterMethod afterClass -->
  <testcase classname="Xero.Xero_User.Add_Bank_Account" name="@AfterMethod afterClass" time="-1.643744410003E9">
    <skipped/>
  </testcase> <!-- @AfterMethod afterClass -->
  <testcase classname="Xero.Xero_User.Add_Bank_Account" name="@AfterMethod afterClass" time="-1.643744410012E9">
    <skipped/>
  </testcase> <!-- @AfterMethod afterClass -->
  <testcase classname="Xero.Xero_User.Add_Bank_Account" name="@AfterMethod afterClass" time="-1.643744410015E9">
    <skipped/>
  </testcase> <!-- @AfterMethod afterClass -->
  <testcase classname="Xero.Xero_User.Add_Bank_Account" name="@AfterMethod afterClass" time="-1.643744410018E9">
    <skipped/>
  </testcase> <!-- @AfterMethod afterClass -->
  <testcase classname="Xero.Xero_User.Add_Bank_Account" name="AddBankAccount" time="0.0">
    <skipped/>
  </testcase> <!-- AddBankAccount -->
  <testcase classname="Xero.Xero_User.Add_Bank_Account" name="BankAccount" time="0.0">
    <skipped/>
  </testcase> <!-- BankAccount -->
  <testcase classname="Xero.Xero_User.Add_Bank_Account" name="Hompage" time="0.0">
    <skipped/>
  </testcase> <!-- Hompage -->
  <testcase classname="Xero.Xero_User.Add_Bank_Account" name="Login_Unsuccessful_Password" time="0.0">
    <skipped/>
  </testcase> <!-- Login_Unsuccessful_Password -->
  <testcase classname="Xero.Xero_User.Add_Bank_Account" name="Login_Unsuccessful_username" time="0.0">
    <skipped/>
  </testcase> <!-- Login_Unsuccessful_username -->
</testsuite> <!-- Chrome -->
